<?xml version="1.0" encoding="UTF-8"?>
<beans xmlns="http://www.springframework.org/schema/beans"
    xmlns:xsi="http://www.w3.org/2001/XMLSchema-instance"
    xmlns:aop="http://www.springframework.org/schema/aop"
    xmlns:context="http://www.springframework.org/schema/context"
    xmlns:tx="http://www.springframework.org/schema/tx"
    xmlns:util="http://www.springframework.org/schema/util"
    xsi:schemaLocation="http://www.springframework.org/schema/beans 
     http://www.springframework.org/schema/beans/spring-beans-3.0.xsd
     http://www.springframework.org/schema/context
     http://www.springframework.org/schema/context/spring-context-3.0.xsd
     http://www.springframework.org/schema/util
     http://www.springframework.org/schema/util/spring-util-3.0.xsd">     

    <import resource="applicationContext-ws.xml"/>

    <bean class="org.springframework.beans.factory.config.PropertyPlaceholderConfigurer">
        <property name="properties">
            <props>
                <prop key="tradeshift.api.baseUrl">https://api-sandbox.tradeshift.com/tradeshift/rest</prop>
                <prop key="tradeshift.api.userAgent">IPSTradeshiftClient/1.0</prop>
                <prop key="tradeshift.api.tenantId">12a76c27-2f28-4a1b-972d-6cc9dd30bf27</prop>
                <prop key="tradeshift.api.oauth.consumerKey">OwnAccount</prop>
                <prop key="tradeshift.api.oauth.consumerSecret">OwnAccount</prop>
                <prop key="tradeshift.api.oauth.accessToken">ZbvBvXQ2+S@hF4PRRvMU4KzBcaFJEq</prop>
                <prop key="tradeshift.api.oauth.accessTokenSecret">nPUTgtRpVTPUgefJakVE@pYkZP3cG9UjSRKVapks</prop>
            </props>
        </property>
    </bean>
</beans>